<?xml version="1.0" encoding="UTF-8"?>
<!-- Generated by org.testng.reporters.JUnitXMLReporter -->
<testsuite ignored="0" hostname="DESKTOP-QUSVQOE" failures="0" tests="5" name="Surefire test" time="11.983" errors="0" timestamp="2024-09-24T17:34:28 IST">
  <testcase classname="api.test.petorderTest" name="testpostuser1" time="4.897"/>
  <testcase classname="api.test.userTest" name="Testpostuser" time="1.153"/>
  <testcase classname="api.test.userTest" name="testgetuserbyname" time="1.154"/>
  <testcase classname="api.test.userTest" name="Testupdateuserbyname" time="2.264"/>
  <testcase classname="api.test.userTest" name="TestdeleteUser" time="1.114"/>
</testsuite> <!-- Surefire test -->
