<?xml version="1.0" encoding="UTF-8"?>
<!-- Generated by org.testng.reporters.JUnitXMLReporter -->
<testsuite ignored="0" hostname="DESKTOP-QUSVQOE" failures="4" tests="4" name="Test" time="13.146" errors="0" timestamp="2024-09-23T18:58:40 IST">
  <testcase classname="api.test.userTestnew" name="Testpostuser" time="6.008">
    <failure type="java.lang.AssertionError" message="expected [200] but found [404]">
      <![CDATA[java.lang.AssertionError: expected [200] but found [404]
at api.test.userTestnew.Testpostuser(userTestnew.java:48)
at java.base/java.util.ArrayList.forEach(ArrayList.java:1596)
... Removed 32 stack frames]]>
    </failure>
  </testcase> <!-- Testpostuser -->
  <testcase classname="api.test.userTestnew" name="testgetuserbyname" time="1.361">
    <failure type="java.lang.AssertionError" message="expected [200] but found [404]">
      <![CDATA[java.lang.AssertionError: expected [200] but found [404]
at api.test.userTestnew.testgetuserbyname(userTestnew.java:56)
at java.base/java.util.ArrayList.forEach(ArrayList.java:1596)
... Removed 32 stack frames]]>
    </failure>
  </testcase> <!-- testgetuserbyname -->
  <testcase classname="api.test.userTestnew" name="Testupdateuserbyname" time="3.153">
    <failure type="java.lang.AssertionError" message="expected [200] but found [404]">
      <![CDATA[java.lang.AssertionError: expected [200] but found [404]
at api.test.userTestnew.Testupdateuserbyname(userTestnew.java:70)
at java.base/java.util.ArrayList.forEach(ArrayList.java:1596)
... Removed 32 stack frames]]>
    </failure>
  </testcase> <!-- Testupdateuserbyname -->
  <testcase classname="api.test.userTestnew" name="TestdeleteUser" time="1.198">
    <failure type="java.lang.AssertionError" message="expected [200] but found [404]">
      <![CDATA[java.lang.AssertionError: expected [200] but found [404]
at api.test.userTestnew.TestdeleteUser(userTestnew.java:85)
at java.base/java.util.ArrayList.forEach(ArrayList.java:1596)
... Removed 32 stack frames]]>
    </failure>
  </testcase> <!-- TestdeleteUser -->
</testsuite> <!-- Test -->
