<?xml version="1.0" encoding="UTF-8"?>
<!-- Generated by org.testng.reporters.JUnitXMLReporter -->
<testsuite ignored="0" hostname="DESKTOP-QUSVQOE" failures="0" tests="4" name="Test" time="10.346" errors="0" timestamp="2024-09-27T18:40:31 IST">
  <testcase classname="api.test.userTest" name="Testpostuser" time="4.199"/>
  <testcase classname="api.test.userTest" name="testgetuserbyname" time="1.129"/>
  <testcase classname="api.test.userTest" name="Testupdateuserbyname" time="2.23"/>
  <testcase classname="api.test.userTest" name="TestdeleteUser" time="1.114"/>
</testsuite> <!-- Test -->
