<?xml version="1.0" encoding="UTF-8"?>
<testng-results ignored="0" total="4" passed="4" failed="0" skipped="0">
  <reporter-output>
  </reporter-output>
  <suite started-at="2024-09-27T18:40:19 IST" name="Suite" finished-at="2024-09-27T18:40:29 IST" duration-ms="10346">
    <groups>
    </groups>
    <test started-at="2024-09-27T18:40:19 IST" name="Test" finished-at="2024-09-27T18:40:29 IST" duration-ms="10346">
      <class name="api.test.userTest">
        <test-method is-config="true" signature="setupdata()[pri:0, instance:api.test.userTest@65e98b1c]" started-at="2024-09-27T18:40:19 IST" name="setupdata" finished-at="2024-09-27T18:40:21 IST" duration-ms="1091" status="PASS">
          <reporter-output>
          </reporter-output>
        </test-method> <!-- setupdata -->
        <test-method signature="Testpostuser()[pri:1, instance:api.test.userTest@65e98b1c]" started-at="2024-09-27T18:40:21 IST" name="Testpostuser" finished-at="2024-09-27T18:40:25 IST" duration-ms="4199" status="PASS">
          <reporter-output>
          </reporter-output>
        </test-method> <!-- Testpostuser -->
        <test-method signature="testgetuserbyname()[pri:2, instance:api.test.userTest@65e98b1c]" started-at="2024-09-27T18:40:25 IST" name="testgetuserbyname" finished-at="2024-09-27T18:40:26 IST" duration-ms="1129" status="PASS">
          <reporter-output>
          </reporter-output>
        </test-method> <!-- testgetuserbyname -->
        <test-method signature="Testupdateuserbyname()[pri:3, instance:api.test.userTest@65e98b1c]" started-at="2024-09-27T18:40:26 IST" name="Testupdateuserbyname" finished-at="2024-09-27T18:40:28 IST" duration-ms="2230" status="PASS">
          <reporter-output>
          </reporter-output>
        </test-method> <!-- Testupdateuserbyname -->
        <test-method signature="TestdeleteUser()[pri:4, instance:api.test.userTest@65e98b1c]" started-at="2024-09-27T18:40:28 IST" name="TestdeleteUser" finished-at="2024-09-27T18:40:29 IST" duration-ms="1114" status="PASS">
          <reporter-output>
          </reporter-output>
        </test-method> <!-- TestdeleteUser -->
      </class> <!-- api.test.userTest -->
    </test> <!-- Test -->
  </suite> <!-- Suite -->
</testng-results>
